Started GET "/" for 127.0.0.1 at 2021-08-21 19:46:28 +0300
  [1m[35m (1.4ms)[0m  [1m[34mSELECT sqlite_version(*)[0m
Processing by Rails::WelcomeController#index as HTML
  Rendering /root/.rbenv/versions/2.7.1/lib/ruby/gems/2.7.0/gems/railties-6.1.4.1/lib/rails/templates/rails/welcome/index.html.erb
  Rendered /root/.rbenv/versions/2.7.1/lib/ruby/gems/2.7.0/gems/railties-6.1.4.1/lib/rails/templates/rails/welcome/index.html.erb (Duration: 5.4ms | Allocations: 406)
Completed 200 OK in 12ms (Views: 8.1ms | ActiveRecord: 0.0ms | Allocations: 3467)


Started GET "/favicon.ico" for 127.0.0.1 at 2021-08-21 19:46:28 +0300
  
ActionController::RoutingError (No route matches [GET] "/favicon.ico"):
  
  [1m[35m (0.4ms)[0m  [1m[34mSELECT sqlite_version(*)[0m
  [1m[35m (5.8ms)[0m  [1m[35mCREATE TABLE "schema_migrations" ("version" varchar NOT NULL PRIMARY KEY)[0m
  [1m[35m (3.3ms)[0m  [1m[35mCREATE TABLE "ar_internal_metadata" ("key" varchar NOT NULL PRIMARY KEY, "value" varchar, "created_at" datetime(6) NOT NULL, "updated_at" datetime(6) NOT NULL)[0m
  [1m[35m (0.1ms)[0m  [1m[34mSELECT "schema_migrations"."version" FROM "schema_migrations" ORDER BY "schema_migrations"."version" ASC[0m
Migrating to CreateUsers (20210821165138)
  [1m[35m (0.2ms)[0m  [1m[34mSELECT sqlite_version(*)[0m
  [1m[35m (0.1ms)[0m  [1m[34mSELECT "schema_migrations"."version" FROM "schema_migrations" ORDER BY "schema_migrations"."version" ASC[0m
Migrating to CreateUsers (20210821165138)
  [1m[36mTRANSACTION (0.1ms)[0m  [1m[36mbegin transaction[0m
  [1m[35m (0.2ms)[0m  [1m[35mCREATE TABLE "users" ("id" integer PRIMARY KEY AUTOINCREMENT NOT NULL, "firstname" varchar, "lastname" varchar, "email" varchar, "password" varchar, "salt" varchar, "created_at" datetime(6) NOT NULL, "updated_at" datetime(6) NOT NULL)[0m
  [1m[36mActiveRecord::SchemaMigration Create (0.1ms)[0m  [1m[32mINSERT INTO "schema_migrations" ("version") VALUES (?)[0m  [["version", "20210821165138"]]
  [1m[36mTRANSACTION (9.2ms)[0m  [1m[36mcommit transaction[0m
Migrating to CreateBooks (20210821165322)
  [1m[36mTRANSACTION (0.1ms)[0m  [1m[36mbegin transaction[0m
  [1m[35m (0.2ms)[0m  [1m[35mCREATE TABLE "books" ("id" integer PRIMARY KEY AUTOINCREMENT NOT NULL, "created_at" datetime(6) NOT NULL, "updated_at" datetime(6) NOT NULL)[0m
  [1m[36mActiveRecord::SchemaMigration Create (0.1ms)[0m  [1m[32mINSERT INTO "schema_migrations" ("version") VALUES (?)[0m  [["version", "20210821165322"]]
  [1m[36mTRANSACTION (2.3ms)[0m  [1m[36mcommit transaction[0m
  [1m[36mActiveRecord::InternalMetadata Load (0.2ms)[0m  [1m[34mSELECT "ar_internal_metadata".* FROM "ar_internal_metadata" WHERE "ar_internal_metadata"."key" = ? LIMIT ?[0m  [["key", "environment"], ["LIMIT", 1]]
  [1m[36mTRANSACTION (0.1ms)[0m  [1m[36mbegin transaction[0m
  [1m[36mActiveRecord::InternalMetadata Create (0.2ms)[0m  [1m[32mINSERT INTO "ar_internal_metadata" ("key", "value", "created_at", "updated_at") VALUES (?, ?, ?, ?)[0m  [["key", "environment"], ["value", "development"], ["created_at", "2021-08-22 19:34:33.047249"], ["updated_at", "2021-08-22 19:34:33.047249"]]
  [1m[36mTRANSACTION (2.6ms)[0m  [1m[36mcommit transaction[0m
  [1m[35m (0.0ms)[0m  [1m[34mSELECT sqlite_version(*)[0m
  [1m[35m (0.1ms)[0m  [1m[34mSELECT "schema_migrations"."version" FROM "schema_migrations" ORDER BY "schema_migrations"."version" ASC[0m
Started GET "/" for 127.0.0.1 at 2021-08-22 22:34:59 +0300
  [1m[35m (0.3ms)[0m  [1m[34mSELECT sqlite_version(*)[0m
  [1m[35m (0.1ms)[0m  [1m[34mSELECT "schema_migrations"."version" FROM "schema_migrations" ORDER BY "schema_migrations"."version" ASC[0m
Processing by Rails::WelcomeController#index as HTML
  Rendering /root/.rbenv/versions/2.7.1/lib/ruby/gems/2.7.0/gems/railties-6.1.4.1/lib/rails/templates/rails/welcome/index.html.erb
  Rendered /root/.rbenv/versions/2.7.1/lib/ruby/gems/2.7.0/gems/railties-6.1.4.1/lib/rails/templates/rails/welcome/index.html.erb (Duration: 5.8ms | Allocations: 294)
Completed 200 OK in 11ms (Views: 7.7ms | ActiveRecord: 0.0ms | Allocations: 2293)


Started GET "/phpmyadmin" for 127.0.0.1 at 2021-08-22 22:35:04 +0300
  
ActionController::RoutingError (No route matches [GET] "/phpmyadmin"):
  
  [1m[35m (0.3ms)[0m  [1m[34mSELECT sqlite_version(*)[0m
  [1m[36mUser Load (0.1ms)[0m  [1m[34mSELECT "users".* FROM "users" /* loading for inspect */ LIMIT ?[0m  [["LIMIT", 11]]
  [1m[36mBook Load (0.7ms)[0m  [1m[34mSELECT "books".* FROM "books" /* loading for inspect */ LIMIT ?[0m  [["LIMIT", 11]]
  [1m[36mUser Load (0.3ms)[0m  [1m[34mSELECT "users".* FROM "users" /* loading for inspect */ LIMIT ?[0m  [["LIMIT", 11]]
  [1m[36mTRANSACTION (0.1ms)[0m  [1m[36mbegin transaction[0m
  [1m[36mUser Create (0.3ms)[0m  [1m[32mINSERT INTO "users" ("firstname", "lastname", "email", "password", "salt", "created_at", "updated_at") VALUES (?, ?, ?, ?, ?, ?, ?)[0m  [["firstname", "alex"], ["lastname", "zorb"], ["email", "alexander@zorbadakis.me"], ["password", "123"], ["salt", "123"], ["created_at", "2021-08-22 19:55:36.445708"], ["updated_at", "2021-08-22 19:55:36.445708"]]
  [1m[36mTRANSACTION (14.2ms)[0m  [1m[36mcommit transaction[0m
  [1m[36mUser Load (0.4ms)[0m  [1m[34mSELECT "users".* FROM "users" /* loading for inspect */ LIMIT ?[0m  [["LIMIT", 11]]
  [1m[36mTRANSACTION (0.2ms)[0m  [1m[36mbegin transaction[0m
  [1m[36mUser Create (1.0ms)[0m  [1m[32mINSERT INTO "users" ("created_at", "updated_at") VALUES (?, ?)[0m  [["created_at", "2021-08-22 19:57:14.310836"], ["updated_at", "2021-08-22 19:57:14.310836"]]
  [1m[36mTRANSACTION (14.7ms)[0m  [1m[36mcommit transaction[0m
  [1m[36mUser Load (0.1ms)[0m  [1m[34mSELECT "users".* FROM "users" /* loading for inspect */ LIMIT ?[0m  [["LIMIT", 11]]
  [1m[36mUser Load (0.5ms)[0m  [1m[34mSELECT "users".* FROM "users" WHERE "users"."id" = ? LIMIT ?[0m  [["id", 1], ["LIMIT", 1]]
  [1m[36mUser Load (0.4ms)[0m  [1m[34mSELECT "users".* FROM "users" WHERE "users"."id" = ? LIMIT ?[0m  [["id", 2], ["LIMIT", 1]]
  [1m[36mUser Destroy (15.7ms)[0m  [1m[31mDELETE FROM "users" WHERE "users"."id" = ?[0m  [["id", 2]]
  [1m[36mUser Load (0.4ms)[0m  [1m[34mSELECT "users".* FROM "users" /* loading for inspect */ LIMIT ?[0m  [["LIMIT", 11]]
  [1m[36mUser Load (0.4ms)[0m  [1m[34mSELECT "users".* FROM "users" /* loading for inspect */ LIMIT ?[0m  [["LIMIT", 11]]
  [1m[36mTRANSACTION (0.2ms)[0m  [1m[36mbegin transaction[0m
  [1m[36mUser Create (0.8ms)[0m  [1m[32mINSERT INTO "users" ("firstname", "lastname", "email", "password", "salt", "created_at", "updated_at") VALUES (?, ?, ?, ?, ?, ?, ?)[0m  [["firstname", "sda"], ["lastname", "ada"], ["email", "asd@asda.com"], ["password", "123"], ["salt", "123"], ["created_at", "2021-08-22 20:02:30.824617"], ["updated_at", "2021-08-22 20:02:30.824617"]]
  [1m[36mTRANSACTION (9.3ms)[0m  [1m[36mcommit transaction[0m
  [1m[36mUser Load (0.5ms)[0m  [1m[34mSELECT "users".* FROM "users" /* loading for inspect */ LIMIT ?[0m  [["LIMIT", 11]]
  [1m[36mUser Load (0.3ms)[0m  [1m[34mSELECT "users".* FROM "users" WHERE "users"."id" = ? LIMIT ?[0m  [["id", 2], ["LIMIT", 1]]
  [1m[36mUser Load (0.5ms)[0m  [1m[34mSELECT "users".* FROM "users" WHERE "users"."id" = ? LIMIT ?[0m  [["id", 3], ["LIMIT", 1]]
  [1m[36mTRANSACTION (0.1ms)[0m  [1m[36mbegin transaction[0m
  [1m[36mUser Update (0.4ms)[0m  [1m[33mUPDATE "users" SET "firstname" = ?, "updated_at" = ? WHERE "users"."id" = ?[0m  [["firstname", "alex"], ["updated_at", "2021-08-22 20:03:00.990699"], ["id", 3]]
  [1m[36mTRANSACTION (20.6ms)[0m  [1m[36mcommit transaction[0m
  [1m[36mUser Load (0.4ms)[0m  [1m[34mSELECT "users".* FROM "users" /* loading for inspect */ LIMIT ?[0m  [["LIMIT", 11]]
Started POST "/" for ::1 at 2021-08-22 23:08:20 +0300
  
ActionController::RoutingError (No route matches [POST] "/"):
  
Started GET "/" for ::1 at 2021-08-22 23:08:25 +0300
Processing by Rails::WelcomeController#index as */*
  Parameters: {"name"=>"Other", "image"=>#<ActionDispatch::Http::UploadedFile:0x0000560d93033b98 @tempfile=#<Tempfile:/tmp/RackMultipart20210822-39671-n6u6xs.png>, @original_filename="idea.png", @content_type="image/png", @headers="Content-Disposition: form-data; name=\"image\"; filename=\"idea.png\"\r\nContent-Type: image/png\r\n">}
  Rendering /root/.rbenv/versions/2.7.1/lib/ruby/gems/2.7.0/gems/railties-6.1.4.1/lib/rails/templates/rails/welcome/index.html.erb
  Rendered /root/.rbenv/versions/2.7.1/lib/ruby/gems/2.7.0/gems/railties-6.1.4.1/lib/rails/templates/rails/welcome/index.html.erb (Duration: 5.9ms | Allocations: 182)
Completed 200 OK in 8ms (Views: 6.8ms | Allocations: 849)


Started GET "/test" for ::1 at 2021-08-22 23:19:35 +0300
  
NoMethodError (undefined method `GET' for #<ActionDispatch::Routing::Mapper:0x000055be35adf860>
Did you mean?  gets
               gem):
  
config/routes.rb:2:in `block in <main>'
config/routes.rb:1:in `<main>'
Started GET "/test" for ::1 at 2021-08-22 23:29:02 +0300
  [1m[35m (0.3ms)[0m  [1m[34mSELECT sqlite_version(*)[0m
  [1m[35m (0.1ms)[0m  [1m[34mSELECT "schema_migrations"."version" FROM "schema_migrations" ORDER BY "schema_migrations"."version" ASC[0m
  
AbstractController::ActionNotFound (The action 'showUsers' could not be found for UserzController):
  
actionpack (6.1.4.1) lib/abstract_controller/base.rb:160:in `process'
actionpack (6.1.4.1) lib/action_controller/metal.rb:190:in `dispatch'
actionpack (6.1.4.1) lib/action_controller/metal.rb:254:in `dispatch'
actionpack (6.1.4.1) lib/action_dispatch/routing/route_set.rb:50:in `dispatch'
actionpack (6.1.4.1) lib/action_dispatch/routing/route_set.rb:33:in `serve'
actionpack (6.1.4.1) lib/action_dispatch/journey/router.rb:50:in `block in serve'
actionpack (6.1.4.1) lib/action_dispatch/journey/router.rb:32:in `each'
actionpack (6.1.4.1) lib/action_dispatch/journey/router.rb:32:in `serve'
actionpack (6.1.4.1) lib/action_dispatch/routing/route_set.rb:842:in `call'
rack (2.2.3) lib/rack/etag.rb:27:in `call'
rack (2.2.3) lib/rack/conditional_get.rb:27:in `call'
rack (2.2.3) lib/rack/head.rb:12:in `call'
activerecord (6.1.4.1) lib/active_record/migration.rb:601:in `call'
actionpack (6.1.4.1) lib/action_dispatch/middleware/callbacks.rb:27:in `block in call'
activesupport (6.1.4.1) lib/active_support/callbacks.rb:98:in `run_callbacks'
actionpack (6.1.4.1) lib/action_dispatch/middleware/callbacks.rb:26:in `call'
actionpack (6.1.4.1) lib/action_dispatch/middleware/executor.rb:14:in `call'
actionpack (6.1.4.1) lib/action_dispatch/middleware/actionable_exceptions.rb:18:in `call'
actionpack (6.1.4.1) lib/action_dispatch/middleware/debug_exceptions.rb:29:in `call'
actionpack (6.1.4.1) lib/action_dispatch/middleware/show_exceptions.rb:33:in `call'
railties (6.1.4.1) lib/rails/rack/logger.rb:37:in `call_app'
railties (6.1.4.1) lib/rails/rack/logger.rb:26:in `block in call'
activesupport (6.1.4.1) lib/active_support/tagged_logging.rb:99:in `block in tagged'
activesupport (6.1.4.1) lib/active_support/tagged_logging.rb:37:in `tagged'
activesupport (6.1.4.1) lib/active_support/tagged_logging.rb:99:in `tagged'
railties (6.1.4.1) lib/rails/rack/logger.rb:26:in `call'
actionpack (6.1.4.1) lib/action_dispatch/middleware/remote_ip.rb:81:in `call'
actionpack (6.1.4.1) lib/action_dispatch/middleware/request_id.rb:26:in `call'
rack (2.2.3) lib/rack/runtime.rb:22:in `call'
activesupport (6.1.4.1) lib/active_support/cache/strategy/local_cache_middleware.rb:29:in `call'
actionpack (6.1.4.1) lib/action_dispatch/middleware/executor.rb:14:in `call'
actionpack (6.1.4.1) lib/action_dispatch/middleware/static.rb:24:in `call'
rack (2.2.3) lib/rack/sendfile.rb:110:in `call'
actionpack (6.1.4.1) lib/action_dispatch/middleware/host_authorization.rb:98:in `call'
railties (6.1.4.1) lib/rails/engine.rb:539:in `call'
puma (5.4.0) lib/puma/configuration.rb:249:in `call'
puma (5.4.0) lib/puma/request.rb:77:in `block in handle_request'
puma (5.4.0) lib/puma/thread_pool.rb:340:in `with_force_shutdown'
puma (5.4.0) lib/puma/request.rb:76:in `handle_request'
puma (5.4.0) lib/puma/server.rb:440:in `process_client'
puma (5.4.0) lib/puma/thread_pool.rb:147:in `block in spawn_thread'
Started GET "/users" for ::1 at 2021-08-22 23:34:40 +0300
  [1m[35m (0.3ms)[0m  [1m[34mSELECT sqlite_version(*)[0m
  [1m[35m (0.1ms)[0m  [1m[34mSELECT "schema_migrations"."version" FROM "schema_migrations" ORDER BY "schema_migrations"."version" ASC[0m
  
ActionController::RoutingError (No route matches [GET] "/users"):
  
Started GET "/users" for ::1 at 2021-08-22 23:35:06 +0300
  
SyntaxError (/home/alex/Documents/airbnb/backend/backend/config/routes.rb:7: syntax error, unexpected end-of-input, expecting `end'):
  
config/routes.rb:7: syntax error, unexpected end-of-input, expecting `end'
config/routes.rb:7: syntax error, unexpected end-of-input, expecting `end'
Started GET "/users" for ::1 at 2021-08-22 23:35:22 +0300
  
ActionController::RoutingError (No route matches [GET] "/users"):
  
Started GET "/user" for ::1 at 2021-08-22 23:35:29 +0300
  
ActionController::RoutingError (No route matches [GET] "/user"):
  
Started GET "/api/vi/users" for ::1 at 2021-08-22 23:36:27 +0300
  
ActionController::RoutingError (No route matches [GET] "/api/vi/users"):
  
Started GET "/api/vi/user" for ::1 at 2021-08-22 23:36:28 +0300
  
ActionController::RoutingError (No route matches [GET] "/api/vi/user"):
  
Started GET "/api/v1/user" for ::1 at 2021-08-22 23:36:40 +0300
  
ActionController::RoutingError (uninitialized constant Api::V1::UserController
Did you mean?  Api::V1::UsersController):
  
Started GET "/api/v1/users" for ::1 at 2021-08-22 23:36:43 +0300
  
ActionController::RoutingError (No route matches [GET] "/api/v1/users"):
  
Started GET "/api/v1/user" for ::1 at 2021-08-22 23:36:53 +0300
  
ActionController::RoutingError (uninitialized constant Api::V1::UserController
Did you mean?  Api::V1::UsersController):
  
Started GET "/api/v1/users" for ::1 at 2021-08-22 23:37:41 +0300
Processing by Api::V1::UsersController#index as */*
  Parameters: {"name"=>"Other", "image"=>#<ActionDispatch::Http::UploadedFile:0x00007fd0e4461b00 @tempfile=#<Tempfile:/tmp/RackMultipart20210822-47174-qkt2ds.png>, @original_filename="idea.png", @content_type="image/png", @headers="Content-Disposition: form-data; name=\"image\"; filename=\"idea.png\"\r\nContent-Type: image/png\r\n">}
  [1m[35m (0.1ms)[0m  [1m[34mSELECT sqlite_version(*)[0m
  ↳ app/controllers/api/v1/users_controller.rb:5:in `index'
  [1m[36mUser Load (0.1ms)[0m  [1m[34mSELECT "users".* FROM "users"[0m
  ↳ app/controllers/api/v1/users_controller.rb:5:in `index'
Completed 200 OK in 9ms (Views: 6.6ms | ActiveRecord: 0.7ms | Allocations: 8094)


Started GET "/api/v1/users" for ::1 at 2021-08-22 23:38:47 +0300
  
AbstractController::ActionNotFound (The action 'index' could not be found for Api::V1::UsersController
Did you mean?  indexs):
  
actionpack (6.1.4.1) lib/abstract_controller/base.rb:160:in `process'
actionpack (6.1.4.1) lib/action_controller/metal.rb:190:in `dispatch'
actionpack (6.1.4.1) lib/action_controller/metal.rb:254:in `dispatch'
actionpack (6.1.4.1) lib/action_dispatch/routing/route_set.rb:50:in `dispatch'
actionpack (6.1.4.1) lib/action_dispatch/routing/route_set.rb:33:in `serve'
actionpack (6.1.4.1) lib/action_dispatch/journey/router.rb:50:in `block in serve'
actionpack (6.1.4.1) lib/action_dispatch/journey/router.rb:32:in `each'
actionpack (6.1.4.1) lib/action_dispatch/journey/router.rb:32:in `serve'
actionpack (6.1.4.1) lib/action_dispatch/routing/route_set.rb:842:in `call'
rack (2.2.3) lib/rack/etag.rb:27:in `call'
rack (2.2.3) lib/rack/conditional_get.rb:27:in `call'
rack (2.2.3) lib/rack/head.rb:12:in `call'
activerecord (6.1.4.1) lib/active_record/migration.rb:601:in `call'
actionpack (6.1.4.1) lib/action_dispatch/middleware/callbacks.rb:27:in `block in call'
activesupport (6.1.4.1) lib/active_support/callbacks.rb:98:in `run_callbacks'
actionpack (6.1.4.1) lib/action_dispatch/middleware/callbacks.rb:26:in `call'
actionpack (6.1.4.1) lib/action_dispatch/middleware/executor.rb:14:in `call'
actionpack (6.1.4.1) lib/action_dispatch/middleware/actionable_exceptions.rb:18:in `call'
actionpack (6.1.4.1) lib/action_dispatch/middleware/debug_exceptions.rb:29:in `call'
actionpack (6.1.4.1) lib/action_dispatch/middleware/show_exceptions.rb:33:in `call'
railties (6.1.4.1) lib/rails/rack/logger.rb:37:in `call_app'
railties (6.1.4.1) lib/rails/rack/logger.rb:26:in `block in call'
activesupport (6.1.4.1) lib/active_support/tagged_logging.rb:99:in `block in tagged'
activesupport (6.1.4.1) lib/active_support/tagged_logging.rb:37:in `tagged'
activesupport (6.1.4.1) lib/active_support/tagged_logging.rb:99:in `tagged'
railties (6.1.4.1) lib/rails/rack/logger.rb:26:in `call'
actionpack (6.1.4.1) lib/action_dispatch/middleware/remote_ip.rb:81:in `call'
actionpack (6.1.4.1) lib/action_dispatch/middleware/request_id.rb:26:in `call'
rack (2.2.3) lib/rack/runtime.rb:22:in `call'
activesupport (6.1.4.1) lib/active_support/cache/strategy/local_cache_middleware.rb:29:in `call'
actionpack (6.1.4.1) lib/action_dispatch/middleware/executor.rb:14:in `call'
actionpack (6.1.4.1) lib/action_dispatch/middleware/static.rb:24:in `call'
rack (2.2.3) lib/rack/sendfile.rb:110:in `call'
actionpack (6.1.4.1) lib/action_dispatch/middleware/host_authorization.rb:98:in `call'
railties (6.1.4.1) lib/rails/engine.rb:539:in `call'
puma (5.4.0) lib/puma/configuration.rb:249:in `call'
puma (5.4.0) lib/puma/request.rb:77:in `block in handle_request'
puma (5.4.0) lib/puma/thread_pool.rb:340:in `with_force_shutdown'
puma (5.4.0) lib/puma/request.rb:76:in `handle_request'
puma (5.4.0) lib/puma/server.rb:440:in `process_client'
puma (5.4.0) lib/puma/thread_pool.rb:147:in `block in spawn_thread'
Started GET "/api/v1/users" for ::1 at 2021-08-22 23:38:56 +0300
Processing by Api::V1::UsersController#index as */*
  Parameters: {"name"=>"Other", "image"=>#<ActionDispatch::Http::UploadedFile:0x00007fd0f0107160 @tempfile=#<Tempfile:/tmp/RackMultipart20210822-47174-2zkfnk.png>, @original_filename="idea.png", @content_type="image/png", @headers="Content-Disposition: form-data; name=\"image\"; filename=\"idea.png\"\r\nContent-Type: image/png\r\n">}
  [1m[35m (0.1ms)[0m  [1m[34mSELECT sqlite_version(*)[0m
  ↳ app/controllers/api/v1/users_controller.rb:5:in `index'
  [1m[36mUser Load (0.1ms)[0m  [1m[34mSELECT "users".* FROM "users"[0m
  ↳ app/controllers/api/v1/users_controller.rb:5:in `index'
Completed 200 OK in 10ms (Views: 8.7ms | ActiveRecord: 0.9ms | Allocations: 5392)


Started GET "/api/v1/users" for 127.0.0.1 at 2021-08-22 23:39:04 +0300
Processing by Api::V1::UsersController#index as HTML
  [1m[36mUser Load (0.1ms)[0m  [1m[34mSELECT "users".* FROM "users"[0m
  ↳ app/controllers/api/v1/users_controller.rb:5:in `index'
Completed 200 OK in 2ms (Views: 1.7ms | ActiveRecord: 0.1ms | Allocations: 885)


Started GET "/api/v1/users/1" for ::1 at 2021-08-22 23:40:11 +0300
Processing by Api::V1::UsersController#show as */*
  Parameters: {"name"=>"Other", "image"=>#<ActionDispatch::Http::UploadedFile:0x00007fd0f027c7e8 @tempfile=#<Tempfile:/tmp/RackMultipart20210822-47174-10ihzsr.png>, @original_filename="idea.png", @content_type="image/png", @headers="Content-Disposition: form-data; name=\"image\"; filename=\"idea.png\"\r\nContent-Type: image/png\r\n">, "id"=>"1"}
Completed 500 Internal Server Error in 3ms (Allocations: 2135)


  
NameError (undefined local variable or method `param' for #<Api::V1::UsersController:0x0000000000a7a8>
Did you mean?  params
               params=):
  
app/controllers/api/v1/users_controller.rb:9:in `show'
Started GET "/api/v1/users/" for ::1 at 2021-08-22 23:40:16 +0300
Processing by Api::V1::UsersController#index as */*
  Parameters: {"name"=>"Other", "image"=>#<ActionDispatch::Http::UploadedFile:0x00007fd0e4a417f0 @tempfile=#<Tempfile:/tmp/RackMultipart20210822-47174-3efuni.png>, @original_filename="idea.png", @content_type="image/png", @headers="Content-Disposition: form-data; name=\"image\"; filename=\"idea.png\"\r\nContent-Type: image/png\r\n">}
  [1m[35m (0.1ms)[0m  [1m[34mSELECT sqlite_version(*)[0m
  ↳ app/controllers/api/v1/users_controller.rb:5:in `index'
  [1m[36mUser Load (0.2ms)[0m  [1m[34mSELECT "users".* FROM "users"[0m
  ↳ app/controllers/api/v1/users_controller.rb:5:in `index'
Completed 200 OK in 10ms (Views: 9.4ms | ActiveRecord: 0.9ms | Allocations: 5155)


Started GET "/api/v1/users/1" for ::1 at 2021-08-22 23:40:37 +0300
Processing by Api::V1::UsersController#show as */*
  Parameters: {"name"=>"Other", "image"=>#<ActionDispatch::Http::UploadedFile:0x00007fd0e4cc2f60 @tempfile=#<Tempfile:/tmp/RackMultipart20210822-47174-fqimb4.png>, @original_filename="idea.png", @content_type="image/png", @headers="Content-Disposition: form-data; name=\"image\"; filename=\"idea.png\"\r\nContent-Type: image/png\r\n">, "id"=>"1"}
  [1m[35m (0.0ms)[0m  [1m[34mSELECT sqlite_version(*)[0m
  ↳ app/controllers/api/v1/users_controller.rb:9:in `show'
  [1m[36mUser Load (0.1ms)[0m  [1m[34mSELECT "users".* FROM "users" WHERE "users"."id" = ? LIMIT ?[0m  [["id", 1], ["LIMIT", 1]]
  ↳ app/controllers/api/v1/users_controller.rb:9:in `show'
Completed 200 OK in 8ms (Views: 0.4ms | ActiveRecord: 0.8ms | Allocations: 5442)


Started GET "/api/v1/users/2" for ::1 at 2021-08-22 23:40:39 +0300
Processing by Api::V1::UsersController#show as */*
  Parameters: {"name"=>"Other", "image"=>#<ActionDispatch::Http::UploadedFile:0x00007fd0f03aae30 @tempfile=#<Tempfile:/tmp/RackMultipart20210822-47174-17faf9d.png>, @original_filename="idea.png", @content_type="image/png", @headers="Content-Disposition: form-data; name=\"image\"; filename=\"idea.png\"\r\nContent-Type: image/png\r\n">, "id"=>"2"}
  [1m[36mUser Load (0.1ms)[0m  [1m[34mSELECT "users".* FROM "users" WHERE "users"."id" = ? LIMIT ?[0m  [["id", 2], ["LIMIT", 1]]
  ↳ app/controllers/api/v1/users_controller.rb:9:in `show'
Completed 404 Not Found in 1ms (ActiveRecord: 0.1ms | Allocations: 486)


  
ActiveRecord::RecordNotFound (Couldn't find User with 'id'=2):
  
app/controllers/api/v1/users_controller.rb:9:in `show'
Started GET "/api/v1/users/3" for ::1 at 2021-08-22 23:40:41 +0300
Processing by Api::V1::UsersController#show as */*
  Parameters: {"name"=>"Other", "image"=>#<ActionDispatch::Http::UploadedFile:0x00007fd0f022f9e8 @tempfile=#<Tempfile:/tmp/RackMultipart20210822-47174-15ijipj.png>, @original_filename="idea.png", @content_type="image/png", @headers="Content-Disposition: form-data; name=\"image\"; filename=\"idea.png\"\r\nContent-Type: image/png\r\n">, "id"=>"3"}
  [1m[36mUser Load (0.1ms)[0m  [1m[34mSELECT "users".* FROM "users" WHERE "users"."id" = ? LIMIT ?[0m  [["id", 3], ["LIMIT", 1]]
  ↳ app/controllers/api/v1/users_controller.rb:9:in `show'
Completed 200 OK in 2ms (Views: 0.4ms | ActiveRecord: 0.1ms | Allocations: 602)


Started GET "/api/v1/users" for 127.0.0.1 at 2021-08-22 23:46:57 +0300
  [1m[35m (0.3ms)[0m  [1m[34mSELECT sqlite_version(*)[0m
  [1m[35m (0.1ms)[0m  [1m[34mSELECT "schema_migrations"."version" FROM "schema_migrations" ORDER BY "schema_migrations"."version" ASC[0m
Processing by Api::V1::UsersController#index as HTML
  [1m[36mUser Load (0.1ms)[0m  [1m[34mSELECT "users".* FROM "users"[0m
  ↳ app/controllers/api/v1/users_controller.rb:7:in `index'
Completed 200 OK in 10ms (Views: 6.4ms | ActiveRecord: 0.5ms | Allocations: 7413)


Started GET "/api/v1/users" for 127.0.0.1 at 2021-08-22 23:47:03 +0300
Processing by Api::V1::UsersController#index as HTML
  [1m[36mUser Load (0.1ms)[0m  [1m[34mSELECT "users".* FROM "users"[0m
  ↳ app/controllers/api/v1/users_controller.rb:7:in `index'
Completed 200 OK in 2ms (Views: 1.7ms | ActiveRecord: 0.1ms | Allocations: 881)


Started POST "/api/v1/users/3" for ::1 at 2021-08-22 23:53:35 +0300
  
ActionController::RoutingError (No route matches [POST] "/api/v1/users/3"):
  
Started POST "/api/v1/users" for ::1 at 2021-08-22 23:53:40 +0300
  [1m[35m (0.1ms)[0m  [1m[34mSELECT sqlite_version(*)[0m
Processing by Api::V1::UsersController#create as */*
  Parameters: {"firstname"=>"test", "lastname"=>"test", "email"=>"test@test.com", "password"=>"[FILTERED]", "salt"=>"[FILTERED]", "user"=>{"firstname"=>"test", "lastname"=>"test", "email"=>"test@test.com", "password"=>"[FILTERED]", "salt"=>"[FILTERED]"}}
Completed 500 Internal Server Error in 7ms (ActiveRecord: 0.2ms | Allocations: 1884)


  
NameError (undefined local variable or method `user_params' for #<Api::V1::UsersController:0x00000000006f40>):
  
app/controllers/api/v1/users_controller.rb:16:in `create'
Started POST "/api/v1/users" for ::1 at 2021-08-22 23:53:57 +0300
  [1m[35m (0.0ms)[0m  [1m[34mSELECT sqlite_version(*)[0m
Processing by Api::V1::UsersController#create as */*
  Parameters: {"firstname"=>"test", "lastname"=>"test", "email"=>"test@test.com", "password"=>"[FILTERED]", "salt"=>"[FILTERED]", "user"=>{"firstname"=>"test", "lastname"=>"test", "email"=>"test@test.com", "password"=>"[FILTERED]", "salt"=>"[FILTERED]"}}
Completed 500 Internal Server Error in 3ms (ActiveRecord: 0.5ms | Allocations: 1871)


  
NameError (undefined local variable or method `user_params' for #<Api::V1::UsersController:0x00000000007d28>):
  
app/controllers/api/v1/users_controller.rb:16:in `create'
Started POST "/api/v1/users" for ::1 at 2021-08-22 23:54:02 +0300
Processing by Api::V1::UsersController#create as */*
  Parameters: {"firstname"=>"test", "lastname"=>"test", "email"=>"test@test.com", "password"=>"[FILTERED]", "salt"=>"[FILTERED]", "user"=>{"firstname"=>"test", "lastname"=>"test", "email"=>"test@test.com", "password"=>"[FILTERED]", "salt"=>"[FILTERED]"}}
Completed 500 Internal Server Error in 4ms (ActiveRecord: 0.0ms | Allocations: 1862)


  
NameError (undefined local variable or method `user_params' for #<Api::V1::UsersController:0x00000000007df0>):
  
app/controllers/api/v1/users_controller.rb:16:in `create'
Started POST "/api/v1/users" for ::1 at 2021-08-22 23:54:37 +0300
  [1m[35m (0.1ms)[0m  [1m[34mSELECT sqlite_version(*)[0m
Processing by Api::V1::UsersController#create as */*
  Parameters: {"firstname"=>"test", "lastname"=>"test", "email"=>"test@test.com", "password"=>"[FILTERED]", "salt"=>"[FILTERED]", "user"=>{"firstname"=>"test", "lastname"=>"test", "email"=>"test@test.com", "password"=>"[FILTERED]", "salt"=>"[FILTERED]"}}
Completed 500 Internal Server Error in 3ms (ActiveRecord: 0.6ms | Allocations: 1871)


  
NameError (undefined local variable or method `firstname' for #<Api::V1::UsersController:0x00000000008cc8>):
  
app/controllers/api/v1/users_controller.rb:16:in `create'
Started POST "/api/v1/users" for ::1 at 2021-08-22 23:54:52 +0300
  
SyntaxError (/home/alex/Documents/airbnb/backend/backend/app/controllers/api/v1/users_controller.rb:16: syntax error, unexpected ',', expecting =>
...new(firstname:string, lastname, email, password, salt)
...                              ^
/home/alex/Documents/airbnb/backend/backend/app/controllers/api/v1/users_controller.rb:16: syntax error, unexpected ')', expecting '='
...astname, email, password, salt)
...                              ^
):
  
app/controllers/api/v1/users_controller.rb:16: syntax error, unexpected ',', expecting =>
app/controllers/api/v1/users_controller.rb:16: syntax error, unexpected ')', expecting '='
app/controllers/api/v1/users_controller.rb:16: syntax error, unexpected ',', expecting =>
app/controllers/api/v1/users_controller.rb:16: syntax error, unexpected ')', expecting '='
Started POST "/api/v1/users" for ::1 at 2021-08-22 23:58:47 +0300
  [1m[35m (0.0ms)[0m  [1m[34mSELECT sqlite_version(*)[0m
Processing by Api::V1::UsersController#create as */*
  Parameters: {"firstname"=>"test", "lastname"=>"test", "email"=>"test@test.com", "password"=>"[FILTERED]", "salt"=>"[FILTERED]", "user"=>{"firstname"=>"test", "lastname"=>"test", "email"=>"test@test.com", "password"=>"[FILTERED]", "salt"=>"[FILTERED]"}}
Completed 500 Internal Server Error in 4ms (ActiveRecord: 0.5ms | Allocations: 1874)


  
NameError (undefined local variable or method `user_params' for #<Api::V1::UsersController:0x0000000000a7f8>):
  
app/controllers/api/v1/users_controller.rb:16:in `create'
Started POST "/api/v1/users" for ::1 at 2021-08-22 23:59:52 +0300
  [1m[35m (0.0ms)[0m  [1m[34mSELECT sqlite_version(*)[0m
Processing by Api::V1::UsersController#create as */*
  Parameters: {"firstname"=>"test", "lastname"=>"test", "email"=>"test@test.com", "password"=>"[FILTERED]", "salt"=>"[FILTERED]", "user"=>{"firstname"=>"test", "lastname"=>"test", "email"=>"test@test.com", "password"=>"[FILTERED]", "salt"=>"[FILTERED]"}}
  [1m[36mTRANSACTION (0.0ms)[0m  [1m[36mbegin transaction[0m
  ↳ app/controllers/api/v1/users_controller.rb:17:in `create'
  [1m[36mUser Create (0.2ms)[0m  [1m[32mINSERT INTO "users" ("created_at", "updated_at") VALUES (?, ?)[0m  [["created_at", "2021-08-22 20:59:52.902291"], ["updated_at", "2021-08-22 20:59:52.902291"]]
  ↳ app/controllers/api/v1/users_controller.rb:17:in `create'
  [1m[36mTRANSACTION (2.7ms)[0m  [1m[36mcommit transaction[0m
  ↳ app/controllers/api/v1/users_controller.rb:17:in `create'
Completed 201 Created in 12ms (Views: 0.3ms | ActiveRecord: 3.7ms | Allocations: 6786)


Started POST "/api/v1/users" for ::1 at 2021-08-23 00:01:51 +0300
  [1m[35m (0.0ms)[0m  [1m[34mSELECT sqlite_version(*)[0m
Processing by Api::V1::UsersController#create as */*
  Parameters: {"firstname"=>"test", "lastname"=>"test", "email"=>"test@test.com", "password"=>"[FILTERED]", "salt"=>"[FILTERED]", "user"=>{"firstname"=>"test", "lastname"=>"test", "email"=>"test@test.com", "password"=>"[FILTERED]", "salt"=>"[FILTERED]"}}
Completed 500 Internal Server Error in 1ms (ActiveRecord: 0.4ms | Allocations: 905)


  
NoMethodError (undefined method `permite' for #<ActionController::Parameters:0x00005621225e3de8>
Did you mean?  permit
               permit!):
  
app/controllers/api/v1/users_controller.rb:28:in `user_params'
app/controllers/api/v1/users_controller.rb:17:in `create'
Started POST "/api/v1/users" for ::1 at 2021-08-23 00:02:02 +0300
  [1m[35m (0.0ms)[0m  [1m[34mSELECT sqlite_version(*)[0m
Processing by Api::V1::UsersController#create as */*
  Parameters: {"firstname"=>"test", "lastname"=>"test", "email"=>"test@test.com", "password"=>"[FILTERED]", "salt"=>"[FILTERED]", "user"=>{"firstname"=>"test", "lastname"=>"test", "email"=>"test@test.com", "password"=>"[FILTERED]", "salt"=>"[FILTERED]"}}
  [1m[36mTRANSACTION (0.1ms)[0m  [1m[36mbegin transaction[0m
  ↳ app/controllers/api/v1/users_controller.rb:18:in `create'
  [1m[36mUser Create (0.2ms)[0m  [1m[32mINSERT INTO "users" ("firstname", "lastname", "email", "password", "salt", "created_at", "updated_at") VALUES (?, ?, ?, ?, ?, ?, ?)[0m  [["firstname", "test"], ["lastname", "test"], ["email", "test@test.com"], ["password", "123"], ["salt", "123"], ["created_at", "2021-08-22 21:02:02.232007"], ["updated_at", "2021-08-22 21:02:02.232007"]]
  ↳ app/controllers/api/v1/users_controller.rb:18:in `create'
  [1m[36mTRANSACTION (7.0ms)[0m  [1m[36mcommit transaction[0m
  ↳ app/controllers/api/v1/users_controller.rb:18:in `create'
Completed 201 Created in 17ms (Views: 0.3ms | ActiveRecord: 8.0ms | Allocations: 7443)


Started POST "/api/v1/users" for ::1 at 2021-08-23 00:08:07 +0300
  [1m[35m (0.1ms)[0m  [1m[34mSELECT sqlite_version(*)[0m
Processing by Api::V1::UsersController#create as */*
  Parameters: {"firstname"=>"test", "lastname"=>"test", "email"=>"test@test.com", "password"=>"[FILTERED]", "salt"=>"[FILTERED]", "user"=>{"firstname"=>"test", "lastname"=>"test", "email"=>"test@test.com", "password"=>"[FILTERED]", "salt"=>"[FILTERED]"}}
Completed 500 Internal Server Error in 5ms (ActiveRecord: 0.3ms | Allocations: 4993)


  
NameError (undefined local variable or method `user' for #<Api::V1::UsersController:0x0000000000e330>
Did you mean?  @user):
  
app/controllers/api/v1/users_controller.rb:18:in `create'
Started POST "/api/v1/users" for ::1 at 2021-08-23 00:08:23 +0300
  [1m[35m (0.0ms)[0m  [1m[34mSELECT sqlite_version(*)[0m
Processing by Api::V1::UsersController#create as */*
  Parameters: {"firstname"=>"test", "lastname"=>"test", "email"=>"test@test.com", "password"=>"[FILTERED]", "salt"=>"[FILTERED]", "user"=>{"firstname"=>"test", "lastname"=>"test", "email"=>"test@test.com", "password"=>"[FILTERED]", "salt"=>"[FILTERED]"}}
Completed 500 Internal Server Error in 4ms (ActiveRecord: 0.6ms | Allocations: 3281)


  
BCrypt::Errors::InvalidSalt (invalid salt):
  
app/controllers/api/v1/users_controller.rb:18:in `create'
Started POST "/api/v1/users" for ::1 at 2021-08-23 00:08:36 +0300
  [1m[35m (0.0ms)[0m  [1m[34mSELECT sqlite_version(*)[0m
Processing by Api::V1::UsersController#create as */*
  Parameters: {"firstname"=>"test", "lastname"=>"test", "email"=>"test@test.com", "password"=>"[FILTERED]", "salt"=>"[FILTERED]", "user"=>{"firstname"=>"test", "lastname"=>"test", "email"=>"test@test.com", "password"=>"[FILTERED]", "salt"=>"[FILTERED]"}}
Completed 500 Internal Server Error in 9ms (ActiveRecord: 0.7ms | Allocations: 5119)


  
NameError (undefined local variable or method `users_params' for #<Api::V1::UsersController:0x00000000010018>
Did you mean?  user_params):
  
app/controllers/api/v1/users_controller.rb:18:in `create'
Started POST "/api/v1/users" for ::1 at 2021-08-23 00:08:53 +0300
  [1m[35m (0.0ms)[0m  [1m[34mSELECT sqlite_version(*)[0m
Processing by Api::V1::UsersController#create as */*
  Parameters: {"firstname"=>"test", "lastname"=>"test", "email"=>"test@test.com", "password"=>"[FILTERED]", "salt"=>"[FILTERED]", "user"=>{"firstname"=>"test", "lastname"=>"test", "email"=>"test@test.com", "password"=>"[FILTERED]", "salt"=>"[FILTERED]"}}
Completed 500 Internal Server Error in 3ms (ActiveRecord: 0.6ms | Allocations: 3279)


  
BCrypt::Errors::InvalidSalt (invalid salt):
  
app/controllers/api/v1/users_controller.rb:18:in `create'
Started POST "/api/v1/users" for ::1 at 2021-08-23 00:09:03 +0300
  [1m[35m (0.1ms)[0m  [1m[34mSELECT sqlite_version(*)[0m
Processing by Api::V1::UsersController#create as */*
  Parameters: {"firstname"=>"test", "lastname"=>"test", "email"=>"test@test.com", "password"=>"[FILTERED]", "salt"=>"[FILTERED]", "user"=>{"firstname"=>"test", "lastname"=>"test", "email"=>"test@test.com", "password"=>"[FILTERED]", "salt"=>"[FILTERED]"}}
Completed 500 Internal Server Error in 5ms (ActiveRecord: 0.9ms | Allocations: 3286)


  
BCrypt::Errors::InvalidSalt (invalid salt):
  
app/controllers/api/v1/users_controller.rb:18:in `create'
Started POST "/api/v1/users" for ::1 at 2021-08-23 00:09:49 +0300
  [1m[35m (0.0ms)[0m  [1m[34mSELECT sqlite_version(*)[0m
Processing by Api::V1::UsersController#create as */*
  Parameters: {"firstname"=>"test", "lastname"=>"test", "email"=>"test@test.com", "password"=>"[FILTERED]", "salt"=>"[FILTERED]", "user"=>{"firstname"=>"test", "lastname"=>"test", "email"=>"test@test.com", "password"=>"[FILTERED]", "salt"=>"[FILTERED]"}}
  [1m[36mTRANSACTION (0.0ms)[0m  [1m[36mbegin transaction[0m
  ↳ app/controllers/api/v1/users_controller.rb:20:in `create'
  [1m[36mUser Create (0.2ms)[0m  [1m[32mINSERT INTO "users" ("firstname", "lastname", "email", "password", "salt", "created_at", "updated_at") VALUES (?, ?, ?, ?, ?, ?, ?)[0m  [["firstname", "test"], ["lastname", "test"], ["email", "test@test.com"], ["password", "123"], ["salt", "123"], ["created_at", "2021-08-22 21:09:49.795393"], ["updated_at", "2021-08-22 21:09:49.795393"]]
  ↳ app/controllers/api/v1/users_controller.rb:20:in `create'
  [1m[36mTRANSACTION (2.5ms)[0m  [1m[36mcommit transaction[0m
  ↳ app/controllers/api/v1/users_controller.rb:20:in `create'
Completed 201 Created in 201ms (Views: 0.4ms | ActiveRecord: 3.3ms | Allocations: 7609)


Started POST "/api/v1/users" for ::1 at 2021-08-23 00:11:40 +0300
  [1m[35m (0.1ms)[0m  [1m[34mSELECT sqlite_version(*)[0m
Processing by Api::V1::UsersController#create as */*
  Parameters: {"firstname"=>"test", "lastname"=>"test", "email"=>"test@test.com", "password"=>"[FILTERED]", "salt"=>"[FILTERED]", "user"=>{"firstname"=>"test", "lastname"=>"test", "email"=>"test@test.com", "password"=>"[FILTERED]", "salt"=>"[FILTERED]"}}
  [1m[36mTRANSACTION (0.0ms)[0m  [1m[36mbegin transaction[0m
  ↳ app/controllers/api/v1/users_controller.rb:20:in `create'
  [1m[36mUser Create (0.2ms)[0m  [1m[32mINSERT INTO "users" ("firstname", "lastname", "email", "password", "salt", "created_at", "updated_at") VALUES (?, ?, ?, ?, ?, ?, ?)[0m  [["firstname", "test"], ["lastname", "test"], ["email", "test@test.com"], ["password", "123"], ["salt", "123"], ["created_at", "2021-08-22 21:11:40.544575"], ["updated_at", "2021-08-22 21:11:40.544575"]]
  ↳ app/controllers/api/v1/users_controller.rb:20:in `create'
  [1m[36mTRANSACTION (2.4ms)[0m  [1m[36mcommit transaction[0m
  ↳ app/controllers/api/v1/users_controller.rb:20:in `create'
Completed 201 Created in 200ms (Views: 0.3ms | ActiveRecord: 3.4ms | Allocations: 7728)


Started POST "/api/v1/users" for ::1 at 2021-08-23 00:12:33 +0300
  [1m[35m (0.0ms)[0m  [1m[34mSELECT sqlite_version(*)[0m
Processing by Api::V1::UsersController#create as */*
  Parameters: {"firstname"=>"test", "lastname"=>"test", "email"=>"test@test.com", "password"=>"[FILTERED]", "salt"=>"[FILTERED]", "user"=>{"firstname"=>"test", "lastname"=>"test", "email"=>"test@test.com", "password"=>"[FILTERED]", "salt"=>"[FILTERED]"}}
  [1m[36mTRANSACTION (0.1ms)[0m  [1m[36mbegin transaction[0m
  ↳ app/controllers/api/v1/users_controller.rb:21:in `create'
  [1m[36mUser Create (0.3ms)[0m  [1m[32mINSERT INTO "users" ("firstname", "lastname", "email", "password", "salt", "created_at", "updated_at") VALUES (?, ?, ?, ?, ?, ?, ?)[0m  [["firstname", "test"], ["lastname", "test"], ["email", "test@test.com"], ["password", "123"], ["salt", "123"], ["created_at", "2021-08-22 21:12:33.661555"], ["updated_at", "2021-08-22 21:12:33.661555"]]
  ↳ app/controllers/api/v1/users_controller.rb:21:in `create'
  [1m[36mTRANSACTION (2.3ms)[0m  [1m[36mcommit transaction[0m
  ↳ app/controllers/api/v1/users_controller.rb:21:in `create'
Completed 201 Created in 200ms (Views: 0.3ms | ActiveRecord: 3.4ms | Allocations: 7614)


Started POST "/api/v1/users" for ::1 at 2021-08-23 00:13:08 +0300
  [1m[35m (0.0ms)[0m  [1m[34mSELECT sqlite_version(*)[0m
Processing by Api::V1::UsersController#create as */*
  Parameters: {"firstname"=>"test", "lastname"=>"test", "email"=>"test@test.com", "password"=>"[FILTERED]", "salt"=>"[FILTERED]", "user"=>{"firstname"=>"test", "lastname"=>"test", "email"=>"test@test.com", "password"=>"[FILTERED]", "salt"=>"[FILTERED]"}}
  [1m[36mTRANSACTION (0.1ms)[0m  [1m[36mbegin transaction[0m
  ↳ app/controllers/api/v1/users_controller.rb:21:in `create'
  [1m[36mUser Create (0.3ms)[0m  [1m[32mINSERT INTO "users" ("firstname", "lastname", "email", "password", "salt", "created_at", "updated_at") VALUES (?, ?, ?, ?, ?, ?, ?)[0m  [["firstname", "test"], ["lastname", "test"], ["email", "test@test.com"], ["password", "123"], ["salt", "123"], ["created_at", "2021-08-22 21:13:09.082119"], ["updated_at", "2021-08-22 21:13:09.082119"]]
  ↳ app/controllers/api/v1/users_controller.rb:21:in `create'
  [1m[36mTRANSACTION (2.6ms)[0m  [1m[36mcommit transaction[0m
  ↳ app/controllers/api/v1/users_controller.rb:21:in `create'
Completed 201 Created in 200ms (Views: 0.3ms | ActiveRecord: 3.5ms | Allocations: 7611)


Started POST "/api/v1/users" for ::1 at 2021-08-23 00:13:47 +0300
  [1m[35m (0.0ms)[0m  [1m[34mSELECT sqlite_version(*)[0m
Processing by Api::V1::UsersController#create as */*
  Parameters: {"firstname"=>"test", "lastname"=>"test", "email"=>"test@test.com", "password"=>"[FILTERED]", "salt"=>"[FILTERED]", "user"=>{"firstname"=>"test", "lastname"=>"test", "email"=>"test@test.com", "password"=>"[FILTERED]", "salt"=>"[FILTERED]"}}
  [1m[36mTRANSACTION (0.0ms)[0m  [1m[36mbegin transaction[0m
  ↳ app/controllers/api/v1/users_controller.rb:21:in `create'
  [1m[36mUser Create (0.2ms)[0m  [1m[32mINSERT INTO "users" ("firstname", "lastname", "email", "password", "salt", "created_at", "updated_at") VALUES (?, ?, ?, ?, ?, ?, ?)[0m  [["firstname", "test"], ["lastname", "test"], ["email", "test@test.com"], ["password", "123"], ["salt", "123"], ["created_at", "2021-08-22 21:13:47.499139"], ["updated_at", "2021-08-22 21:13:47.499139"]]
  ↳ app/controllers/api/v1/users_controller.rb:21:in `create'
  [1m[36mTRANSACTION (2.6ms)[0m  [1m[36mcommit transaction[0m
  ↳ app/controllers/api/v1/users_controller.rb:21:in `create'
  [1m[36mTRANSACTION (0.1ms)[0m  [1m[36mbegin transaction[0m
  ↳ app/controllers/api/v1/users_controller.rb:24:in `create'
  [1m[36mUser Update (0.2ms)[0m  [1m[33mUPDATE "users" SET "password" = ?, "salt" = ?, "updated_at" = ? WHERE "users"."id" = ?[0m  [["password", "$2a$12$Nb0qHb5Speir3PeF67cPFuQVpoYWap0oxbE.c2PcGSL.vN4hQ8UPC"], ["salt", "$2a$12$Nb0qHb5Speir3PeF67cPFu"], ["updated_at", "2021-08-22 21:13:47.506257"], ["id", 10]]
  ↳ app/controllers/api/v1/users_controller.rb:24:in `create'
  [1m[36mTRANSACTION (1.8ms)[0m  [1m[36mcommit transaction[0m
  ↳ app/controllers/api/v1/users_controller.rb:24:in `create'
Completed 201 Created in 207ms (Views: 0.3ms | ActiveRecord: 5.6ms | Allocations: 11892)


Started DELETE "/api/v1/users/1" for ::1 at 2021-08-23 00:16:12 +0300
  [1m[35m (0.0ms)[0m  [1m[34mSELECT sqlite_version(*)[0m
Processing by Api::V1::UsersController#destroy as */*
  Parameters: {"firstname"=>"test", "lastname"=>"test", "email"=>"test@test.com", "password"=>"[FILTERED]", "salt"=>"[FILTERED]", "id"=>"1", "user"=>{"firstname"=>"test", "lastname"=>"test", "email"=>"test@test.com", "password"=>"[FILTERED]", "salt"=>"[FILTERED]"}}
  [1m[36mUser Load (0.1ms)[0m  [1m[34mSELECT "users".* FROM "users" WHERE "users"."id" = ? LIMIT ?[0m  [["id", 1], ["LIMIT", 1]]
  ↳ app/controllers/api/v1/users_controller.rb:31:in `destroy'
  [1m[36mTRANSACTION (0.0ms)[0m  [1m[36mbegin transaction[0m
  ↳ app/controllers/api/v1/users_controller.rb:33:in `destroy'
  [1m[36mUser Destroy (0.2ms)[0m  [1m[31mDELETE FROM "users" WHERE "users"."id" = ?[0m  [["id", 1]]
  ↳ app/controllers/api/v1/users_controller.rb:33:in `destroy'
  [1m[36mTRANSACTION (3.5ms)[0m  [1m[36mcommit transaction[0m
  ↳ app/controllers/api/v1/users_controller.rb:33:in `destroy'
Completed 500 Internal Server Error in 14ms (ActiveRecord: 4.5ms | Allocations: 9148)


  
NoMethodError (undefined method `json' for #<Api::V1::UsersController:0x00000000017688>
Did you mean?  JSON):
  
app/controllers/api/v1/users_controller.rb:34:in `destroy'
Started DELETE "/api/v1/users/1" for ::1 at 2021-08-23 00:16:30 +0300
  [1m[35m (0.0ms)[0m  [1m[34mSELECT sqlite_version(*)[0m
Processing by Api::V1::UsersController#destroy as */*
  Parameters: {"firstname"=>"test", "lastname"=>"test", "email"=>"test@test.com", "password"=>"[FILTERED]", "salt"=>"[FILTERED]", "id"=>"1", "user"=>{"firstname"=>"test", "lastname"=>"test", "email"=>"test@test.com", "password"=>"[FILTERED]", "salt"=>"[FILTERED]"}}
  [1m[36mUser Load (0.1ms)[0m  [1m[34mSELECT "users".* FROM "users" WHERE "users"."id" = ? LIMIT ?[0m  [["id", 1], ["LIMIT", 1]]
  ↳ app/controllers/api/v1/users_controller.rb:31:in `destroy'
Completed 404 Not Found in 1ms (ActiveRecord: 0.6ms | Allocations: 751)


  
ActiveRecord::RecordNotFound (Couldn't find User with 'id'=1):
  
app/controllers/api/v1/users_controller.rb:31:in `destroy'
Started DELETE "/api/v1/users/3" for ::1 at 2021-08-23 00:16:40 +0300
Processing by Api::V1::UsersController#destroy as */*
  Parameters: {"firstname"=>"test", "lastname"=>"test", "email"=>"test@test.com", "password"=>"[FILTERED]", "salt"=>"[FILTERED]", "id"=>"3", "user"=>{"firstname"=>"test", "lastname"=>"test", "email"=>"test@test.com", "password"=>"[FILTERED]", "salt"=>"[FILTERED]"}}
  [1m[36mUser Load (0.1ms)[0m  [1m[34mSELECT "users".* FROM "users" WHERE "users"."id" = ? LIMIT ?[0m  [["id", 3], ["LIMIT", 1]]
  ↳ app/controllers/api/v1/users_controller.rb:31:in `destroy'
  [1m[36mTRANSACTION (0.1ms)[0m  [1m[36mbegin transaction[0m
  ↳ app/controllers/api/v1/users_controller.rb:33:in `destroy'
  [1m[36mUser Destroy (0.2ms)[0m  [1m[31mDELETE FROM "users" WHERE "users"."id" = ?[0m  [["id", 3]]
  ↳ app/controllers/api/v1/users_controller.rb:33:in `destroy'
  [1m[36mTRANSACTION (14.4ms)[0m  [1m[36mcommit transaction[0m
  ↳ app/controllers/api/v1/users_controller.rb:33:in `destroy'
Completed 200 OK in 27ms (Views: 0.2ms | ActiveRecord: 14.8ms | Allocations: 7206)


Started DELETE "/api/v1/users/4" for ::1 at 2021-08-23 00:16:44 +0300
Processing by Api::V1::UsersController#destroy as */*
  Parameters: {"firstname"=>"test", "lastname"=>"test", "email"=>"test@test.com", "password"=>"[FILTERED]", "salt"=>"[FILTERED]", "id"=>"4", "user"=>{"firstname"=>"test", "lastname"=>"test", "email"=>"test@test.com", "password"=>"[FILTERED]", "salt"=>"[FILTERED]"}}
  [1m[36mUser Load (0.1ms)[0m  [1m[34mSELECT "users".* FROM "users" WHERE "users"."id" = ? LIMIT ?[0m  [["id", 4], ["LIMIT", 1]]
  ↳ app/controllers/api/v1/users_controller.rb:31:in `destroy'
  [1m[36mTRANSACTION (0.0ms)[0m  [1m[36mbegin transaction[0m
  ↳ app/controllers/api/v1/users_controller.rb:33:in `destroy'
  [1m[36mUser Destroy (0.2ms)[0m  [1m[31mDELETE FROM "users" WHERE "users"."id" = ?[0m  [["id", 4]]
  ↳ app/controllers/api/v1/users_controller.rb:33:in `destroy'
  [1m[36mTRANSACTION (5.9ms)[0m  [1m[36mcommit transaction[0m
  ↳ app/controllers/api/v1/users_controller.rb:33:in `destroy'
Completed 200 OK in 10ms (Views: 0.2ms | ActiveRecord: 6.2ms | Allocations: 3504)


Started DELETE "/api/v1/users/5" for ::1 at 2021-08-23 00:16:47 +0300
Processing by Api::V1::UsersController#destroy as */*
  Parameters: {"firstname"=>"test", "lastname"=>"test", "email"=>"test@test.com", "password"=>"[FILTERED]", "salt"=>"[FILTERED]", "id"=>"5", "user"=>{"firstname"=>"test", "lastname"=>"test", "email"=>"test@test.com", "password"=>"[FILTERED]", "salt"=>"[FILTERED]"}}
  [1m[36mUser Load (0.1ms)[0m  [1m[34mSELECT "users".* FROM "users" WHERE "users"."id" = ? LIMIT ?[0m  [["id", 5], ["LIMIT", 1]]
  ↳ app/controllers/api/v1/users_controller.rb:31:in `destroy'
  [1m[36mTRANSACTION (0.1ms)[0m  [1m[36mbegin transaction[0m
  ↳ app/controllers/api/v1/users_controller.rb:33:in `destroy'
  [1m[36mUser Destroy (0.2ms)[0m  [1m[31mDELETE FROM "users" WHERE "users"."id" = ?[0m  [["id", 5]]
  ↳ app/controllers/api/v1/users_controller.rb:33:in `destroy'
  [1m[36mTRANSACTION (14.1ms)[0m  [1m[36mcommit transaction[0m
  ↳ app/controllers/api/v1/users_controller.rb:33:in `destroy'
Completed 200 OK in 19ms (Views: 0.1ms | ActiveRecord: 14.4ms | Allocations: 4225)


Started DELETE "/api/v1/users/6" for ::1 at 2021-08-23 00:16:52 +0300
Processing by Api::V1::UsersController#destroy as */*
  Parameters: {"firstname"=>"test", "lastname"=>"test", "email"=>"test@test.com", "password"=>"[FILTERED]", "salt"=>"[FILTERED]", "id"=>"6", "user"=>{"firstname"=>"test", "lastname"=>"test", "email"=>"test@test.com", "password"=>"[FILTERED]", "salt"=>"[FILTERED]"}}
  [1m[36mUser Load (0.1ms)[0m  [1m[34mSELECT "users".* FROM "users" WHERE "users"."id" = ? LIMIT ?[0m  [["id", 6], ["LIMIT", 1]]
  ↳ app/controllers/api/v1/users_controller.rb:31:in `destroy'
  [1m[36mTRANSACTION (0.1ms)[0m  [1m[36mbegin transaction[0m
  ↳ app/controllers/api/v1/users_controller.rb:33:in `destroy'
  [1m[36mUser Destroy (0.2ms)[0m  [1m[31mDELETE FROM "users" WHERE "users"."id" = ?[0m  [["id", 6]]
  ↳ app/controllers/api/v1/users_controller.rb:33:in `destroy'
  [1m[36mTRANSACTION (5.6ms)[0m  [1m[36mcommit transaction[0m
  ↳ app/controllers/api/v1/users_controller.rb:33:in `destroy'
Completed 200 OK in 12ms (Views: 0.1ms | ActiveRecord: 6.0ms | Allocations: 4224)


Started DELETE "/api/v1/users/7" for ::1 at 2021-08-23 00:17:00 +0300
Processing by Api::V1::UsersController#destroy as */*
  Parameters: {"firstname"=>"test", "lastname"=>"test", "email"=>"test@test.com", "password"=>"[FILTERED]", "salt"=>"[FILTERED]", "id"=>"7", "user"=>{"firstname"=>"test", "lastname"=>"test", "email"=>"test@test.com", "password"=>"[FILTERED]", "salt"=>"[FILTERED]"}}
  [1m[36mUser Load (0.1ms)[0m  [1m[34mSELECT "users".* FROM "users" WHERE "users"."id" = ? LIMIT ?[0m  [["id", 7], ["LIMIT", 1]]
  ↳ app/controllers/api/v1/users_controller.rb:31:in `destroy'
  [1m[36mTRANSACTION (0.0ms)[0m  [1m[36mbegin transaction[0m
  ↳ app/controllers/api/v1/users_controller.rb:33:in `destroy'
  [1m[36mUser Destroy (0.2ms)[0m  [1m[31mDELETE FROM "users" WHERE "users"."id" = ?[0m  [["id", 7]]
  ↳ app/controllers/api/v1/users_controller.rb:33:in `destroy'
  [1m[36mTRANSACTION (14.0ms)[0m  [1m[36mcommit transaction[0m
  ↳ app/controllers/api/v1/users_controller.rb:33:in `destroy'
Completed 200 OK in 18ms (Views: 0.1ms | ActiveRecord: 14.3ms | Allocations: 4224)


Started DELETE "/api/v1/users/8" for ::1 at 2021-08-23 00:17:03 +0300
Processing by Api::V1::UsersController#destroy as */*
  Parameters: {"firstname"=>"test", "lastname"=>"test", "email"=>"test@test.com", "password"=>"[FILTERED]", "salt"=>"[FILTERED]", "id"=>"8", "user"=>{"firstname"=>"test", "lastname"=>"test", "email"=>"test@test.com", "password"=>"[FILTERED]", "salt"=>"[FILTERED]"}}
  [1m[36mUser Load (0.1ms)[0m  [1m[34mSELECT "users".* FROM "users" WHERE "users"."id" = ? LIMIT ?[0m  [["id", 8], ["LIMIT", 1]]
  ↳ app/controllers/api/v1/users_controller.rb:31:in `destroy'
  [1m[36mTRANSACTION (0.1ms)[0m  [1m[36mbegin transaction[0m
  ↳ app/controllers/api/v1/users_controller.rb:33:in `destroy'
  [1m[36mUser Destroy (0.2ms)[0m  [1m[31mDELETE FROM "users" WHERE "users"."id" = ?[0m  [["id", 8]]
  ↳ app/controllers/api/v1/users_controller.rb:33:in `destroy'
  [1m[36mTRANSACTION (6.2ms)[0m  [1m[36mcommit transaction[0m
  ↳ app/controllers/api/v1/users_controller.rb:33:in `destroy'
Completed 200 OK in 10ms (Views: 0.2ms | ActiveRecord: 6.6ms | Allocations: 3187)


Started DELETE "/api/v1/users/9" for ::1 at 2021-08-23 00:17:06 +0300
Processing by Api::V1::UsersController#destroy as */*
  Parameters: {"firstname"=>"test", "lastname"=>"test", "email"=>"test@test.com", "password"=>"[FILTERED]", "salt"=>"[FILTERED]", "id"=>"9", "user"=>{"firstname"=>"test", "lastname"=>"test", "email"=>"test@test.com", "password"=>"[FILTERED]", "salt"=>"[FILTERED]"}}
  [1m[36mUser Load (0.2ms)[0m  [1m[34mSELECT "users".* FROM "users" WHERE "users"."id" = ? LIMIT ?[0m  [["id", 9], ["LIMIT", 1]]
  ↳ app/controllers/api/v1/users_controller.rb:31:in `destroy'
  [1m[36mTRANSACTION (0.0ms)[0m  [1m[36mbegin transaction[0m
  ↳ app/controllers/api/v1/users_controller.rb:33:in `destroy'
  [1m[36mUser Destroy (0.2ms)[0m  [1m[31mDELETE FROM "users" WHERE "users"."id" = ?[0m  [["id", 9]]
  ↳ app/controllers/api/v1/users_controller.rb:33:in `destroy'
  [1m[36mTRANSACTION (13.9ms)[0m  [1m[36mcommit transaction[0m
  ↳ app/controllers/api/v1/users_controller.rb:33:in `destroy'
Completed 200 OK in 18ms (Views: 0.2ms | ActiveRecord: 14.3ms | Allocations: 3838)


Started PUT "/api/v1/users/10" for ::1 at 2021-08-23 00:19:01 +0300
  [1m[35m (0.0ms)[0m  [1m[34mSELECT sqlite_version(*)[0m
Processing by Api::V1::UsersController#update as */*
  Parameters: {"firstname"=>"test1", "lastname"=>"test2", "id"=>"10", "user"=>{"firstname"=>"test1", "lastname"=>"test2"}}
  [1m[36mUser Load (0.1ms)[0m  [1m[34mSELECT "users".* FROM "users" WHERE "users"."id" = ? LIMIT ?[0m  [["id", 10], ["LIMIT", 1]]
  ↳ app/controllers/api/v1/users_controller.rb:31:in `update'
  [1m[36mTRANSACTION (0.1ms)[0m  [1m[36mbegin transaction[0m
  ↳ app/controllers/api/v1/users_controller.rb:33:in `update'
  [1m[36mUser Update (0.3ms)[0m  [1m[33mUPDATE "users" SET "firstname" = ?, "lastname" = ?, "updated_at" = ? WHERE "users"."id" = ?[0m  [["firstname", "test1"], ["lastname", "test2"], ["updated_at", "2021-08-22 21:19:01.988436"], ["id", 10]]
  ↳ app/controllers/api/v1/users_controller.rb:33:in `update'
  [1m[36mTRANSACTION (2.7ms)[0m  [1m[36mcommit transaction[0m
  ↳ app/controllers/api/v1/users_controller.rb:33:in `update'
Completed 201 Created in 16ms (Views: 0.3ms | ActiveRecord: 3.7ms | Allocations: 7948)


Started PUT "/api/v1/users/10" for ::1 at 2021-08-23 00:19:13 +0300
Processing by Api::V1::UsersController#update as */*
  Parameters: {"firstname"=>"test3", "id"=>"10", "user"=>{"firstname"=>"test3"}}
  [1m[36mUser Load (0.1ms)[0m  [1m[34mSELECT "users".* FROM "users" WHERE "users"."id" = ? LIMIT ?[0m  [["id", 10], ["LIMIT", 1]]
  ↳ app/controllers/api/v1/users_controller.rb:31:in `update'
  [1m[36mTRANSACTION (0.0ms)[0m  [1m[36mbegin transaction[0m
  ↳ app/controllers/api/v1/users_controller.rb:33:in `update'
  [1m[36mUser Update (0.2ms)[0m  [1m[33mUPDATE "users" SET "firstname" = ?, "updated_at" = ? WHERE "users"."id" = ?[0m  [["firstname", "test3"], ["updated_at", "2021-08-22 21:19:13.631794"], ["id", 10]]
  ↳ app/controllers/api/v1/users_controller.rb:33:in `update'
  [1m[36mTRANSACTION (14.8ms)[0m  [1m[36mcommit transaction[0m
  ↳ app/controllers/api/v1/users_controller.rb:33:in `update'
Completed 201 Created in 21ms (Views: 0.2ms | ActiveRecord: 15.2ms | Allocations: 4693)


